<?xml version="1.0" encoding="UTF-8"?>
<testsuite name="banking.AccountTest" tests="1" skipped="0" failures="0" errors="0" timestamp="2022-04-29T12:44:41" hostname="LAPTOP-B7HJ4RN5" time="0.105">
  <properties/>
  <testcase name="deposit_dollars_amounts_twice_into_empty_checking_account()" classname="banking.AccountTest" time="0.105"/>
  <system-out><![CDATA[]]></system-out>
  <system-err><![CDATA[]]></system-err>
</testsuite>
